# JRE version: Java(TM) SE Runtime Environment (8.0_152-b16) (build 1.8.0_152-b16)
# Java VM: Java HotSpot(TM) 64-Bit Server VM (25.152-b16 mixed mode windows-amd64 compressed oops)
Heap:
 PSYoungGen      total 38400K, used 14398K [0x00000000d5c00000, 0x00000000d9100000, 0x0000000100000000)
  eden space 33280K, 43% used [0x00000000d5c00000,0x00000000d6a0f840,0x00000000d7c80000)
  from space 5120K, 0% used [0x00000000d8c00000,0x00000000d8c00000,0x00000000d9100000)
  to   space 5120K, 0% used [0x00000000d7c80000,0x00000000d7c80000,0x00000000d8180000)
 ParOldGen       total 104960K, used 24219K [0x0000000081400000, 0x0000000087a80000, 0x00000000d5c00000)
  object space 104960K, 23% used [0x0000000081400000,0x0000000082ba6ce8,0x0000000087a80000)
 Metaspace       used 29603K, capacity 30018K, committed 30208K, reserved 1075200K
  class space    used 3903K, capacity 4035K, committed 4096K, reserved 1048576K
GC Heap History (10 events):
Event: 3.403 GC heap before
{Heap before GC invocations=2 (full 0):
 PSYoungGen      total 38400K, used 31779K [0x00000000d5c00000, 0x00000000d8680000, 0x0000000100000000)
  eden space 33280K, 83% used [0x00000000d5c00000,0x00000000d7720808,0x00000000d7c80000)
  from space 5120K, 78% used [0x00000000d7c80000,0x00000000d8068628,0x00000000d8180000)
  to   space 5120K, 0% used [0x00000000d8180000,0x00000000d8180000,0x00000000d8680000)
 ParOldGen       total 87552K, used 16K [0x0000000081400000, 0x0000000086980000, 0x00000000d5c00000)
  object space 87552K, 0% used [0x0000000081400000,0x0000000081404000,0x0000000086980000)
 Metaspace       used 20748K, capacity 21054K, committed 21248K, reserved 1067008K
  class space    used 2626K, capacity 2718K, committed 2816K, reserved 1048576K
Event: 3.409 GC heap after
Heap after GC invocations=2 (full 0):
 PSYoungGen      total 38400K, used 5112K [0x00000000d5c00000, 0x00000000d8680000, 0x0000000100000000)
  eden space 33280K, 0% used [0x00000000d5c00000,0x00000000d5c00000,0x00000000d7c80000)
  from space 5120K, 99% used [0x00000000d8180000,0x00000000d867e2a8,0x00000000d8680000)
  to   space 5120K, 0% used [0x00000000d7c80000,0x00000000d7c80000,0x00000000d8180000)
 ParOldGen       total 87552K, used 2449K [0x0000000081400000, 0x0000000086980000, 0x00000000d5c00000)
  object space 87552K, 2% used [0x0000000081400000,0x00000000816647d0,0x0000000086980000)
 Metaspace       used 20748K, capacity 21054K, committed 21248K, reserved 1067008K
  class space    used 2626K, capacity 2718K, committed 2816K, reserved 1048576K
}
Event: 3.409 GC heap before
{Heap before GC invocations=3 (full 1):
 PSYoungGen      total 38400K, used 5112K [0x00000000d5c00000, 0x00000000d8680000, 0x0000000100000000)
  eden space 33280K, 0% used [0x00000000d5c00000,0x00000000d5c00000,0x00000000d7c80000)
  from space 5120K, 99% used [0x00000000d8180000,0x00000000d867e2a8,0x00000000d8680000)
  to   space 5120K, 0% used [0x00000000d7c80000,0x00000000d7c80000,0x00000000d8180000)
 ParOldGen       total 87552K, used 2449K [0x0000000081400000, 0x0000000086980000, 0x00000000d5c00000)
  object space 87552K, 2% used [0x0000000081400000,0x00000000816647d0,0x0000000086980000)
 Metaspace       used 20748K, capacity 21054K, committed 21248K, reserved 1067008K
  class space    used 2626K, capacity 2718K, committed 2816K, reserved 1048576K
Event: 3.434 GC heap after
Heap after GC invocations=3 (full 1):
 PSYoungGen      total 38400K, used 0K [0x00000000d5c00000, 0x00000000d8680000, 0x0000000100000000)
  eden space 33280K, 0% used [0x00000000d5c00000,0x00000000d5c00000,0x00000000d7c80000)
  from space 5120K, 0% used [0x00000000d8180000,0x00000000d8180000,0x00000000d8680000)
  to   space 5120K, 0% used [0x00000000d7c80000,0x00000000d7c80000,0x00000000d8180000)
 ParOldGen       total 66560K, used 7327K [0x0000000081400000, 0x0000000085500000, 0x00000000d5c00000)
  object space 66560K, 11% used [0x0000000081400000,0x0000000081b27ec0,0x0000000085500000)
 Metaspace       used 20748K, capacity 21054K, committed 21248K, reserved 1067008K
  class space    used 2626K, capacity 2718K, committed 2816K, reserved 1048576K
}
Event: 7.287 GC heap before
{Heap before GC invocations=4 (full 1):
 PSYoungGen      total 38400K, used 33280K [0x00000000d5c00000, 0x00000000d8680000, 0x0000000100000000)
  eden space 33280K, 100% used [0x00000000d5c00000,0x00000000d7c80000,0x00000000d7c80000)
  from space 5120K, 0% used [0x00000000d8180000,0x00000000d8180000,0x00000000d8680000)
  to   space 5120K, 0% used [0x00000000d7c80000,0x00000000d7c80000,0x00000000d8180000)
 ParOldGen       total 66560K, used 7327K [0x0000000081400000, 0x0000000085500000, 0x00000000d5c00000)
  object space 66560K, 11% used [0x0000000081400000,0x0000000081b27ec0,0x0000000085500000)
 Metaspace       used 22900K, capacity 23236K, committed 23424K, reserved 1069056K
  class space    used 3029K, capacity 3141K, committed 3200K, reserved 1048576K
Event: 7.299 GC heap after
Heap after GC invocations=4 (full 1):
 PSYoungGen      total 38400K, used 4149K [0x00000000d5c00000, 0x00000000d9100000, 0x0000000100000000)
  eden space 33280K, 0% used [0x00000000d5c00000,0x00000000d5c00000,0x00000000d7c80000)
  from space 5120K, 81% used [0x00000000d7c80000,0x00000000d808d6a0,0x00000000d8180000)
  to   space 5120K, 0% used [0x00000000d8c00000,0x00000000d8c00000,0x00000000d9100000)
 ParOldGen       total 66560K, used 34987K [0x0000000081400000, 0x0000000085500000, 0x00000000d5c00000)
  object space 66560K, 52% used [0x0000000081400000,0x000000008362ae90,0x0000000085500000)
 Metaspace       used 22900K, capacity 23236K, committed 23424K, reserved 1069056K
  class space    used 3029K, capacity 3141K, committed 3200K, reserved 1048576K
}
Event: 17.534 GC heap before
{Heap before GC invocations=5 (full 1):
 PSYoungGen      total 38400K, used 37429K [0x00000000d5c00000, 0x00000000d9100000, 0x0000000100000000)
  eden space 33280K, 100% used [0x00000000d5c00000,0x00000000d7c80000,0x00000000d7c80000)
  from space 5120K, 81% used [0x00000000d7c80000,0x00000000d808d6a0,0x00000000d8180000)
  to   space 5120K, 0% used [0x00000000d8c00000,0x00000000d8c00000,0x00000000d9100000)
 ParOldGen       total 66560K, used 34987K [0x0000000081400000, 0x0000000085500000, 0x00000000d5c00000)
  object space 66560K, 52% used [0x0000000081400000,0x000000008362ae90,0x0000000085500000)
 Metaspace       used 27262K, capacity 27682K, committed 27776K, reserved 1073152K
  class space    used 3598K, capacity 3710K, committed 3712K, reserved 1048576K
Event: 17.540 GC heap after
Heap after GC invocations=5 (full 1):
 PSYoungGen      total 38400K, used 5114K [0x00000000d5c00000, 0x00000000d9100000, 0x0000000100000000)
  eden space 33280K, 0% used [0x00000000d5c00000,0x00000000d5c00000,0x00000000d7c80000)
  from space 5120K, 99% used [0x00000000d8c00000,0x00000000d90feb10,0x00000000d9100000)
  to   space 5120K, 0% used [0x00000000d7c80000,0x00000000d7c80000,0x00000000d8180000)
 ParOldGen       total 66560K, used 43518K [0x0000000081400000, 0x0000000085500000, 0x00000000d5c00000)
  object space 66560K, 65% used [0x0000000081400000,0x0000000083e7f9c8,0x0000000085500000)
 Metaspace       used 27262K, capacity 27682K, committed 27776K, reserved 1073152K
  class space    used 3598K, capacity 3710K, committed 3712K, reserved 1048576K
}
Event: 17.540 GC heap before
{Heap before GC invocations=6 (full 2):
 PSYoungGen      total 38400K, used 5114K [0x00000000d5c00000, 0x00000000d9100000, 0x0000000100000000)
  eden space 33280K, 0% used [0x00000000d5c00000,0x00000000d5c00000,0x00000000d7c80000)
  from space 5120K, 99% used [0x00000000d8c00000,0x00000000d90feb10,0x00000000d9100000)
  to   space 5120K, 0% used [0x00000000d7c80000,0x00000000d7c80000,0x00000000d8180000)
 ParOldGen       total 66560K, used 43518K [0x0000000081400000, 0x0000000085500000, 0x00000000d5c00000)
  object space 66560K, 65% used [0x0000000081400000,0x0000000083e7f9c8,0x0000000085500000)
 Metaspace       used 27262K, capacity 27682K, committed 27776K, reserved 1073152K
  class space    used 3598K, capacity 3710K, committed 3712K, reserved 1048576K
Event: 17.563 GC heap after
Heap after GC invocations=6 (full 2):
 PSYoungGen      total 38400K, used 0K [0x00000000d5c00000, 0x00000000d9100000, 0x0000000100000000)
  eden space 33280K, 0% used [0x00000000d5c00000,0x00000000d5c00000,0x00000000d7c80000)
  from space 5120K, 0% used [0x00000000d8c00000,0x00000000d8c00000,0x00000000d9100000)
  to   space 5120K, 0% used [0x00000000d7c80000,0x00000000d7c80000,0x00000000d8180000)
 ParOldGen       total 104960K, used 24219K [0x0000000081400000, 0x0000000087a80000, 0x00000000d5c00000)
  object space 104960K, 23% used [0x0000000081400000,0x0000000082ba6ce8,0x0000000087a80000)
 Metaspace       used 27262K, capacity 27682K, committed 27776K, reserved 1073152K
  class space    used 3598K, capacity 3710K, committed 3712K, reserved 1048576K
}

